TN:
SF:src/modules/types/services/CreateTypeService.ts
FN:33,__decorate
FN:33,__metadata
FN:33,__param
FN:33,__awaiter
FN:33,adopt
FN:33,fulfilled
FN:33,rejected
FN:33,step
FN:33,__generator
FN:33,sent
FN:33,Symbol.function.g.(anonymous function)
FN:33,verb
FN:33,step
FN:18,CreateTypeService
FN:23,CreateTypeService.execute
FNF:15
FNH:13
FNDA:1,__decorate
FNDA:1,__metadata
FNDA:1,__param
FNDA:1,__awaiter
FNDA:1,adopt
FNDA:1,fulfilled
FNDA:0,rejected
FNDA:2,step
FNDA:1,__generator
FNDA:1,sent
FNDA:0,Symbol.function.g.(anonymous function)
FNDA:3,verb
FNDA:2,step
FNDA:1,CreateTypeService
FNDA:1,CreateTypeService.execute
DA:1,1
DA:2,1
DA:3,1
DA:4,1
DA:5,1
DA:6,1
DA:7,1
DA:8,1
DA:9,1
DA:10,1
DA:11,1
DA:12,1
DA:13,1
DA:14,1
DA:15,1
DA:16,1
DA:17,1
DA:18,1
DA:19,1
DA:20,1
DA:21,1
DA:22,1
DA:23,1
DA:24,1
DA:25,1
DA:26,1
DA:27,1
DA:28,1
DA:29,1
DA:30,1
DA:31,1
DA:32,1
DA:33,1
LF:33
LH:33
BRDA:33,0,0,1
BRDA:33,1,0,1
BRDA:33,2,0,0
BRDA:33,3,0,0
BRDA:33,4,0,0
BRDA:33,5,0,0
BRDA:33,6,0,1
BRDA:33,7,0,1
BRDA:33,8,0,1
BRDA:33,9,0,1
BRDA:33,10,0,1
BRDA:33,11,0,0
BRDA:33,12,0,1
BRDA:33,13,0,1
BRDA:33,14,0,0
BRDA:33,15,0,2
BRDA:33,16,0,1
BRDA:33,17,0,1
BRDA:33,18,0,1
BRDA:33,19,0,1
BRDA:33,20,0,0
BRDA:33,21,0,3
BRDA:33,22,0,2
BRDA:33,23,0,2
BRDA:33,24,0,0
BRDA:33,25,0,4
BRDA:33,26,0,0
BRDA:33,27,0,0
BRDA:33,28,0,0
BRDA:33,29,0,0
BRDA:33,30,0,2
BRDA:33,31,0,2
BRDA:33,32,0,0
BRDA:33,33,0,1
BRDA:33,34,0,0
BRDA:33,35,0,1
BRDA:33,36,0,0
BRDA:33,37,0,0
BRDA:33,38,0,0
BRDA:33,39,0,0
BRDA:33,40,0,0
BRDA:33,41,0,0
BRDA:33,42,0,2
BRDA:33,43,0,0
BRDA:33,44,0,2
BRDA:33,45,0,1
BRDA:33,46,0,0
BRDA:33,47,0,1
BRDA:33,48,0,0
BRDA:17,49,0,1
BRDA:18,50,0,1
BRDA:23,51,0,1
BRDA:33,52,0,1
BRDA:33,53,0,2
BRDA:24,54,0,1
BRDA:33,55,0,0
BRDA:33,56,0,1
BRDA:33,57,0,0
BRF:58
BRH:33
end_of_record
TN:
SF:src/modules/types/services/IndexTypeService.ts
FN:24,__decorate
FN:24,__metadata
FN:24,__param
FN:24,__awaiter
FN:24,adopt
FN:24,fulfilled
FN:24,rejected
FN:24,step
FN:24,__generator
FN:24,sent
FN:24,Symbol.function.g.(anonymous function)
FN:24,verb
FN:24,step
FN:12,IndexTypeService
FN:17,IndexTypeService.execute
FNF:15
FNH:13
FNDA:1,__decorate
FNDA:1,__metadata
FNDA:1,__param
FNDA:1,__awaiter
FNDA:1,adopt
FNDA:1,fulfilled
FNDA:0,rejected
FNDA:2,step
FNDA:1,__generator
FNDA:1,sent
FNDA:0,Symbol.function.g.(anonymous function)
FNDA:3,verb
FNDA:2,step
FNDA:1,IndexTypeService
FNDA:1,IndexTypeService.execute
DA:1,1
DA:2,1
DA:3,1
DA:4,1
DA:5,1
DA:6,1
DA:7,1
DA:8,1
DA:9,1
DA:10,1
DA:11,1
DA:12,1
DA:13,1
DA:14,1
DA:15,1
DA:16,1
DA:17,1
DA:18,1
DA:19,1
DA:20,1
DA:21,1
DA:22,1
DA:23,1
DA:24,1
LF:24
LH:24
BRDA:24,0,0,1
BRDA:24,1,0,1
BRDA:24,2,0,0
BRDA:24,3,0,0
BRDA:24,4,0,0
BRDA:24,5,0,0
BRDA:24,6,0,1
BRDA:24,7,0,1
BRDA:24,8,0,1
BRDA:24,9,0,1
BRDA:24,10,0,1
BRDA:24,11,0,0
BRDA:24,12,0,1
BRDA:24,13,0,1
BRDA:24,14,0,0
BRDA:24,15,0,2
BRDA:24,16,0,1
BRDA:24,17,0,1
BRDA:24,18,0,1
BRDA:24,19,0,1
BRDA:24,20,0,0
BRDA:24,21,0,3
BRDA:24,22,0,2
BRDA:24,23,0,2
BRDA:24,24,0,0
BRDA:24,25,0,4
BRDA:24,26,0,0
BRDA:24,27,0,0
BRDA:24,28,0,0
BRDA:24,29,0,0
BRDA:24,30,0,2
BRDA:24,31,0,2
BRDA:24,32,0,0
BRDA:24,33,0,1
BRDA:24,34,0,0
BRDA:24,35,0,1
BRDA:24,36,0,0
BRDA:24,37,0,0
BRDA:24,38,0,0
BRDA:24,39,0,0
BRDA:24,40,0,0
BRDA:24,41,0,0
BRDA:24,42,0,2
BRDA:24,43,0,0
BRDA:24,44,0,2
BRDA:24,45,0,1
BRDA:24,46,0,0
BRDA:24,47,0,1
BRDA:24,48,0,0
BRDA:11,49,0,1
BRDA:12,50,0,1
BRDA:17,51,0,1
BRDA:24,52,0,1
BRDA:24,53,0,2
BRDA:18,54,0,1
BRDA:24,55,0,0
BRDA:24,56,0,1
BRDA:24,57,0,0
BRF:58
BRH:33
end_of_record
TN:
SF:src/modules/users/services/AuthUserService.ts
FN:60,__decorate
FN:60,__metadata
FN:60,__param
FN:60,__awaiter
FN:60,adopt
FN:60,fulfilled
FN:60,rejected
FN:60,step
FN:60,__generator
FN:60,sent
FN:60,Symbol.function.g.(anonymous function)
FN:60,verb
FN:60,step
FN:60,__importDefault
FN:22,AuthUserService
FN:30,AuthUserService.execute
FNF:16
FNH:14
FNDA:1,__decorate
FNDA:1,__metadata
FNDA:2,__param
FNDA:3,__awaiter
FNDA:5,adopt
FNDA:5,fulfilled
FNDA:0,rejected
FNDA:6,step
FNDA:3,__generator
FNDA:5,sent
FNDA:0,Symbol.function.g.(anonymous function)
FNDA:9,verb
FNDA:8,step
FNDA:2,__importDefault
FNDA:3,AuthUserService
FNDA:3,AuthUserService.execute
DA:1,1
DA:2,1
DA:3,1
DA:4,1
DA:5,1
DA:6,1
DA:7,1
DA:8,1
DA:9,1
DA:10,1
DA:11,1
DA:12,1
DA:13,1
DA:14,1
DA:15,1
DA:16,1
DA:17,1
DA:18,1
DA:19,1
DA:20,1
DA:21,1
DA:22,1
DA:23,3
DA:24,3
DA:25,3
DA:26,3
DA:27,3
DA:28,3
DA:29,1
DA:30,1
DA:31,3
DA:32,3
DA:33,3
DA:34,1
DA:35,1
DA:36,2
DA:37,2
DA:38,2
DA:39,2
DA:40,2
DA:41,3
DA:42,3
DA:43,1
DA:44,1
DA:45,1
DA:46,3
DA:47,3
DA:48,3
DA:49,3
DA:50,3
DA:51,3
DA:52,3
DA:53,3
DA:54,3
DA:55,3
DA:56,3
DA:57,3
DA:58,1
DA:59,1
DA:60,1
LF:60
LH:60
BRDA:60,0,0,1
BRDA:60,1,0,1
BRDA:60,2,0,0
BRDA:60,3,0,0
BRDA:60,4,0,0
BRDA:60,5,0,0
BRDA:60,6,0,1
BRDA:60,7,0,2
BRDA:60,8,0,2
BRDA:60,9,0,3
BRDA:60,10,0,5
BRDA:60,11,0,0
BRDA:60,12,0,3
BRDA:60,13,0,5
BRDA:60,14,0,3
BRDA:60,15,0,2
BRDA:60,16,0,6
BRDA:60,17,0,1
BRDA:60,18,0,5
BRDA:60,19,0,3
BRDA:60,20,0,5
BRDA:60,21,0,0
BRDA:60,22,0,9
BRDA:60,23,0,8
BRDA:60,24,0,8
BRDA:60,25,0,0
BRDA:60,26,0,16
BRDA:60,27,0,0
BRDA:60,28,0,0
BRDA:60,29,0,0
BRDA:60,30,0,0
BRDA:60,31,0,8
BRDA:60,32,0,8
BRDA:60,33,0,0
BRDA:60,34,0,5
BRDA:60,35,0,0
BRDA:60,36,0,3
BRDA:60,37,0,0
BRDA:60,38,0,1
BRDA:60,39,0,0
BRDA:60,40,0,0
BRDA:60,41,0,0
BRDA:60,42,0,0
BRDA:60,43,0,0
BRDA:60,44,0,8
BRDA:60,45,0,6
BRDA:60,46,0,2
BRDA:60,47,0,8
BRDA:60,48,0,3
BRDA:60,49,0,2
BRDA:60,50,0,1
BRDA:60,51,0,0
BRDA:60,52,0,2
BRDA:60,53,0,0
BRDA:21,54,0,1
BRDA:22,55,0,3
BRDA:30,56,0,3
BRDA:60,57,0,3
BRDA:60,58,0,8
BRDA:31,59,0,3
BRDA:60,60,0,0
BRDA:60,61,0,3
BRDA:33,62,0,1
BRDA:35,63,0,2
BRDA:60,64,0,0
BRDA:60,65,0,2
BRDA:42,66,0,1
BRDA:46,67,0,0
BRDA:46,68,0,1
BRDA:60,69,0,0
BRF:70
BRH:45
end_of_record
TN:
SF:src/modules/users/services/CreateRootUserService.ts
FN:58,__decorate
FN:58,__metadata
FN:58,__param
FN:58,__awaiter
FN:58,adopt
FN:58,fulfilled
FN:58,rejected
FN:58,step
FN:58,__generator
FN:58,sent
FN:58,Symbol.function.g.(anonymous function)
FN:58,verb
FN:58,step
FN:58,__importDefault
FN:22,CreateRootUserService
FN:33,CreateRootUserService.execute
FNF:16
FNH:14
FNDA:1,__decorate
FNDA:1,__metadata
FNDA:3,__param
FNDA:2,__awaiter
FNDA:4,adopt
FNDA:4,fulfilled
FNDA:0,rejected
FNDA:5,step
FNDA:2,__generator
FNDA:4,sent
FNDA:0,Symbol.function.g.(anonymous function)
FNDA:6,verb
FNDA:6,step
FNDA:1,__importDefault
FNDA:2,CreateRootUserService
FNDA:2,CreateRootUserService.execute
DA:1,1
DA:2,1
DA:3,1
DA:4,1
DA:5,1
DA:6,1
DA:7,1
DA:8,1
DA:9,1
DA:10,1
DA:11,1
DA:12,1
DA:13,1
DA:14,1
DA:15,1
DA:16,1
DA:17,1
DA:18,1
DA:19,1
DA:20,1
DA:21,1
DA:22,1
DA:23,2
DA:24,2
DA:25,2
DA:26,2
DA:27,2
DA:28,2
DA:29,2
DA:30,2
DA:31,2
DA:32,1
DA:33,1
DA:34,2
DA:35,2
DA:36,2
DA:37,2
DA:38,2
DA:39,2
DA:40,2
DA:41,2
DA:42,1
DA:43,1
DA:44,1
DA:45,1
DA:46,2
DA:47,2
DA:48,2
DA:49,2
DA:50,2
DA:51,2
DA:52,2
DA:53,2
DA:54,2
DA:55,2
DA:56,1
DA:57,1
DA:58,1
LF:58
LH:58
BRDA:58,0,0,1
BRDA:58,1,0,1
BRDA:58,2,0,0
BRDA:58,3,0,0
BRDA:58,4,0,0
BRDA:58,5,0,0
BRDA:58,6,0,1
BRDA:58,7,0,3
BRDA:58,8,0,3
BRDA:58,9,0,2
BRDA:58,10,0,4
BRDA:58,11,0,0
BRDA:58,12,0,2
BRDA:58,13,0,4
BRDA:58,14,0,3
BRDA:58,15,0,1
BRDA:58,16,0,5
BRDA:58,17,0,1
BRDA:58,18,0,4
BRDA:58,19,0,2
BRDA:58,20,0,4
BRDA:58,21,0,0
BRDA:58,22,0,6
BRDA:58,23,0,6
BRDA:58,24,0,6
BRDA:58,25,0,0
BRDA:58,26,0,12
BRDA:58,27,0,0
BRDA:58,28,0,0
BRDA:58,29,0,0
BRDA:58,30,0,0
BRDA:58,31,0,6
BRDA:58,32,0,6
BRDA:58,33,0,0
BRDA:58,34,0,4
BRDA:58,35,0,0
BRDA:58,36,0,2
BRDA:58,37,0,0
BRDA:58,38,0,1
BRDA:58,39,0,0
BRDA:58,40,0,0
BRDA:58,41,0,0
BRDA:58,42,0,0
BRDA:58,43,0,0
BRDA:58,44,0,6
BRDA:58,45,0,5
BRDA:58,46,0,1
BRDA:58,47,0,6
BRDA:58,48,0,2
BRDA:58,49,0,1
BRDA:58,50,0,0
BRDA:58,51,0,1
BRDA:58,52,0,0
BRDA:21,53,0,1
BRDA:22,54,0,2
BRDA:33,55,0,2
BRDA:58,56,0,2
BRDA:58,57,0,6
BRDA:39,58,0,2
BRDA:58,59,0,0
BRDA:58,60,0,2
BRDA:41,61,0,1
BRDA:58,62,0,0
BRDA:58,63,0,1
BRDA:50,64,0,0
BRDA:58,65,0,0
BRDA:58,66,0,1
BRDA:58,67,0,0
BRF:68
BRH:42
end_of_record
TN:
SF:src/modules/users/services/CreateUserService.ts
FN:80,__decorate
FN:80,__metadata
FN:80,__param
FN:80,__awaiter
FN:80,adopt
FN:80,fulfilled
FN:80,rejected
FN:80,step
FN:80,__generator
FN:80,sent
FN:80,Symbol.function.g.(anonymous function)
FN:80,verb
FN:80,step
FN:80,__importDefault
FN:23,CreateUserService
FN:34,CreateUserService.execute
FNF:16
FNH:14
FNDA:1,__decorate
FNDA:1,__metadata
FNDA:3,__param
FNDA:5,__awaiter
FNDA:16,adopt
FNDA:16,fulfilled
FNDA:0,rejected
FNDA:18,step
FNDA:5,__generator
FNDA:16,sent
FNDA:0,Symbol.function.g.(anonymous function)
FNDA:15,verb
FNDA:21,step
FNDA:1,__importDefault
FNDA:5,CreateUserService
FNDA:5,CreateUserService.execute
DA:1,1
DA:2,1
DA:3,1
DA:4,1
DA:5,1
DA:6,1
DA:7,1
DA:8,1
DA:9,1
DA:10,1
DA:11,1
DA:12,1
DA:13,1
DA:14,1
DA:15,1
DA:16,1
DA:17,1
DA:18,1
DA:19,1
DA:20,1
DA:21,1
DA:22,1
DA:23,1
DA:24,5
DA:25,5
DA:26,5
DA:27,5
DA:28,5
DA:29,5
DA:30,5
DA:31,5
DA:32,5
DA:33,1
DA:34,1
DA:35,5
DA:36,5
DA:37,5
DA:38,5
DA:39,5
DA:40,5
DA:41,5
DA:42,5
DA:43,5
DA:44,5
DA:45,1
DA:46,1
DA:47,4
DA:48,4
DA:49,4
DA:50,4
DA:51,5
DA:52,5
DA:53,5
DA:54,5
DA:55,2
DA:56,5
DA:57,1
DA:58,1
DA:59,3
DA:60,3
DA:61,5
DA:62,5
DA:63,1
DA:64,1
DA:65,2
DA:66,2
DA:67,5
DA:68,5
DA:69,5
DA:70,5
DA:71,5
DA:72,5
DA:73,5
DA:74,5
DA:75,5
DA:76,5
DA:77,5
DA:78,1
DA:79,1
DA:80,1
LF:80
LH:80
BRDA:80,0,0,1
BRDA:80,1,0,1
BRDA:80,2,0,0
BRDA:80,3,0,0
BRDA:80,4,0,0
BRDA:80,5,0,0
BRDA:80,6,0,1
BRDA:80,7,0,3
BRDA:80,8,0,3
BRDA:80,9,0,5
BRDA:80,10,0,16
BRDA:80,11,0,0
BRDA:80,12,0,5
BRDA:80,13,0,16
BRDA:80,14,0,13
BRDA:80,15,0,3
BRDA:80,16,0,18
BRDA:80,17,0,2
BRDA:80,18,0,16
BRDA:80,19,0,5
BRDA:80,20,0,16
BRDA:80,21,0,0
BRDA:80,22,0,15
BRDA:80,23,0,21
BRDA:80,24,0,21
BRDA:80,25,0,0
BRDA:80,26,0,42
BRDA:80,27,0,0
BRDA:80,28,0,0
BRDA:80,29,0,0
BRDA:80,30,0,0
BRDA:80,31,0,21
BRDA:80,32,0,21
BRDA:80,33,0,0
BRDA:80,34,0,16
BRDA:80,35,0,0
BRDA:80,36,0,5
BRDA:80,37,0,0
BRDA:80,38,0,2
BRDA:80,39,0,0
BRDA:80,40,0,0
BRDA:80,41,0,0
BRDA:80,42,0,0
BRDA:80,43,0,0
BRDA:80,44,0,21
BRDA:80,45,0,18
BRDA:80,46,0,3
BRDA:80,47,0,21
BRDA:80,48,0,5
BRDA:80,49,0,3
BRDA:80,50,0,2
BRDA:80,51,0,0
BRDA:80,52,0,1
BRDA:80,53,0,0
BRDA:22,54,0,1
BRDA:23,55,0,5
BRDA:34,56,0,5
BRDA:80,57,0,5
BRDA:80,58,0,21
BRDA:42,59,0,5
BRDA:80,60,0,0
BRDA:80,61,0,5
BRDA:44,62,0,1
BRDA:46,63,0,4
BRDA:80,64,0,0
BRDA:80,65,0,4
BRDA:54,66,0,2
BRDA:56,67,0,1
BRDA:58,68,0,3
BRDA:80,69,0,0
BRDA:80,70,0,3
BRDA:62,71,0,1
BRDA:64,72,0,2
BRDA:80,73,0,0
BRDA:80,74,0,2
BRDA:80,75,0,0
BRDA:80,76,0,2
BRDA:80,77,0,0
BRF:78
BRH:51
end_of_record
TN:
SF:src/modules/users/services/DeleteUserService.ts
FN:41,__decorate
FN:41,__metadata
FN:41,__param
FN:41,__awaiter
FN:41,adopt
FN:41,fulfilled
FN:41,rejected
FN:41,step
FN:41,__generator
FN:41,sent
FN:41,Symbol.function.g.(anonymous function)
FN:41,verb
FN:41,step
FN:41,__importDefault
FN:14,DeleteUserService
FN:22,DeleteUserService.execute
FNF:16
FNH:14
FNDA:1,__decorate
FNDA:1,__metadata
FNDA:2,__param
FNDA:3,__awaiter
FNDA:6,adopt
FNDA:6,fulfilled
FNDA:0,rejected
FNDA:7,step
FNDA:3,__generator
FNDA:6,sent
FNDA:0,Symbol.function.g.(anonymous function)
FNDA:9,verb
FNDA:9,step
FNDA:1,__importDefault
FNDA:3,DeleteUserService
FNDA:3,DeleteUserService.execute
DA:1,1
DA:2,1
DA:3,1
DA:4,1
DA:5,1
DA:6,1
DA:7,1
DA:8,1
DA:9,1
DA:10,1
DA:11,1
DA:12,1
DA:13,1
DA:14,1
DA:15,3
DA:16,3
DA:17,3
DA:18,3
DA:19,3
DA:20,3
DA:21,1
DA:22,1
DA:23,3
DA:24,3
DA:25,3
DA:26,1
DA:27,1
DA:28,2
DA:29,2
DA:30,3
DA:31,3
DA:32,1
DA:33,1
DA:34,1
DA:35,1
DA:36,3
DA:37,3
DA:38,3
DA:39,1
DA:40,1
DA:41,1
LF:41
LH:41
BRDA:41,0,0,1
BRDA:41,1,0,1
BRDA:41,2,0,0
BRDA:41,3,0,0
BRDA:41,4,0,0
BRDA:41,5,0,0
BRDA:41,6,0,1
BRDA:41,7,0,2
BRDA:41,8,0,2
BRDA:41,9,0,3
BRDA:41,10,0,6
BRDA:41,11,0,0
BRDA:41,12,0,3
BRDA:41,13,0,6
BRDA:41,14,0,4
BRDA:41,15,0,2
BRDA:41,16,0,7
BRDA:41,17,0,1
BRDA:41,18,0,6
BRDA:41,19,0,3
BRDA:41,20,0,6
BRDA:41,21,0,0
BRDA:41,22,0,9
BRDA:41,23,0,9
BRDA:41,24,0,9
BRDA:41,25,0,0
BRDA:41,26,0,18
BRDA:41,27,0,0
BRDA:41,28,0,0
BRDA:41,29,0,0
BRDA:41,30,0,0
BRDA:41,31,0,9
BRDA:41,32,0,9
BRDA:41,33,0,0
BRDA:41,34,0,6
BRDA:41,35,0,0
BRDA:41,36,0,3
BRDA:41,37,0,0
BRDA:41,38,0,1
BRDA:41,39,0,0
BRDA:41,40,0,0
BRDA:41,41,0,0
BRDA:41,42,0,0
BRDA:41,43,0,0
BRDA:41,44,0,9
BRDA:41,45,0,7
BRDA:41,46,0,2
BRDA:41,47,0,9
BRDA:41,48,0,3
BRDA:41,49,0,2
BRDA:41,50,0,1
BRDA:41,51,0,0
BRDA:41,52,0,1
BRDA:41,53,0,0
BRDA:13,54,0,1
BRDA:14,55,0,3
BRDA:22,56,0,3
BRDA:41,57,0,3
BRDA:41,58,0,9
BRDA:23,59,0,3
BRDA:41,60,0,0
BRDA:41,61,0,3
BRDA:25,62,0,1
BRDA:27,63,0,2
BRDA:41,64,0,0
BRDA:41,65,0,2
BRDA:31,66,0,1
BRDA:41,67,0,0
BRDA:41,68,0,1
BRDA:41,69,0,0
BRF:70
BRH:45
end_of_record
TN:
SF:src/modules/users/services/IndexUserService.ts
FN:39,__decorate
FN:39,__metadata
FN:39,__param
FN:39,__awaiter
FN:39,adopt
FN:39,fulfilled
FN:39,rejected
FN:39,step
FN:39,__generator
FN:39,sent
FN:39,Symbol.function.g.(anonymous function)
FN:39,verb
FN:39,step
FN:39,__importDefault
FN:14,IndexUserService
FN:22,IndexUserService.execute
FNF:16
FNH:14
FNDA:1,__decorate
FNDA:1,__metadata
FNDA:2,__param
FNDA:3,__awaiter
FNDA:5,adopt
FNDA:5,fulfilled
FNDA:0,rejected
FNDA:6,step
FNDA:3,__generator
FNDA:5,sent
FNDA:0,Symbol.function.g.(anonymous function)
FNDA:9,verb
FNDA:8,step
FNDA:1,__importDefault
FNDA:3,IndexUserService
FNDA:3,IndexUserService.execute
DA:1,1
DA:2,1
DA:3,1
DA:4,1
DA:5,1
DA:6,1
DA:7,1
DA:8,1
DA:9,1
DA:10,1
DA:11,1
DA:12,1
DA:13,1
DA:14,1
DA:15,3
DA:16,3
DA:17,3
DA:18,3
DA:19,3
DA:20,3
DA:21,1
DA:22,1
DA:23,3
DA:24,3
DA:25,3
DA:26,1
DA:27,1
DA:28,2
DA:29,2
DA:30,3
DA:31,3
DA:32,1
DA:33,1
DA:34,1
DA:35,1
DA:36,3
DA:37,1
DA:38,1
DA:39,1
LF:39
LH:39
BRDA:39,0,0,1
BRDA:39,1,0,1
BRDA:39,2,0,0
BRDA:39,3,0,0
BRDA:39,4,0,0
BRDA:39,5,0,0
BRDA:39,6,0,1
BRDA:39,7,0,2
BRDA:39,8,0,2
BRDA:39,9,0,3
BRDA:39,10,0,5
BRDA:39,11,0,0
BRDA:39,12,0,3
BRDA:39,13,0,5
BRDA:39,14,0,3
BRDA:39,15,0,2
BRDA:39,16,0,6
BRDA:39,17,0,1
BRDA:39,18,0,5
BRDA:39,19,0,3
BRDA:39,20,0,5
BRDA:39,21,0,0
BRDA:39,22,0,9
BRDA:39,23,0,8
BRDA:39,24,0,8
BRDA:39,25,0,0
BRDA:39,26,0,16
BRDA:39,27,0,0
BRDA:39,28,0,0
BRDA:39,29,0,0
BRDA:39,30,0,0
BRDA:39,31,0,8
BRDA:39,32,0,8
BRDA:39,33,0,0
BRDA:39,34,0,5
BRDA:39,35,0,0
BRDA:39,36,0,3
BRDA:39,37,0,0
BRDA:39,38,0,1
BRDA:39,39,0,0
BRDA:39,40,0,0
BRDA:39,41,0,0
BRDA:39,42,0,0
BRDA:39,43,0,0
BRDA:39,44,0,8
BRDA:39,45,0,6
BRDA:39,46,0,2
BRDA:39,47,0,8
BRDA:39,48,0,3
BRDA:39,49,0,2
BRDA:39,50,0,1
BRDA:39,51,0,0
BRDA:39,52,0,1
BRDA:39,53,0,0
BRDA:13,54,0,1
BRDA:14,55,0,3
BRDA:22,56,0,3
BRDA:39,57,0,3
BRDA:39,58,0,8
BRDA:23,59,0,3
BRDA:39,60,0,0
BRDA:39,61,0,3
BRDA:25,62,0,1
BRDA:27,63,0,2
BRDA:39,64,0,0
BRDA:39,65,0,2
BRDA:31,66,0,1
BRDA:31,67,0,1
BRDA:39,68,0,0
BRF:69
BRH:45
end_of_record
TN:
SF:src/modules/users/services/ShowUserService.ts
FN:27,__decorate
FN:27,__metadata
FN:27,__param
FN:27,__awaiter
FN:27,adopt
FN:27,fulfilled
FN:27,rejected
FN:27,step
FN:27,__generator
FN:27,sent
FN:27,Symbol.function.g.(anonymous function)
FN:27,verb
FN:27,step
FN:27,__importDefault
FN:13,ShowUserService
FN:18,ShowUserService.execute
FNF:16
FNH:14
FNDA:1,__decorate
FNDA:1,__metadata
FNDA:1,__param
FNDA:2,__awaiter
FNDA:2,adopt
FNDA:2,fulfilled
FNDA:0,rejected
FNDA:3,step
FNDA:2,__generator
FNDA:2,sent
FNDA:0,Symbol.function.g.(anonymous function)
FNDA:6,verb
FNDA:4,step
FNDA:1,__importDefault
FNDA:2,ShowUserService
FNDA:2,ShowUserService.execute
DA:1,1
DA:2,1
DA:3,1
DA:4,1
DA:5,1
DA:6,1
DA:7,1
DA:8,1
DA:9,1
DA:10,1
DA:11,1
DA:12,1
DA:13,1
DA:14,2
DA:15,2
DA:16,2
DA:17,1
DA:18,1
DA:19,2
DA:20,2
DA:21,1
DA:22,1
DA:23,1
DA:24,2
DA:25,1
DA:26,1
DA:27,1
LF:27
LH:27
BRDA:27,0,0,1
BRDA:27,1,0,1
BRDA:27,2,0,0
BRDA:27,3,0,0
BRDA:27,4,0,0
BRDA:27,5,0,0
BRDA:27,6,0,1
BRDA:27,7,0,1
BRDA:27,8,0,1
BRDA:27,9,0,2
BRDA:27,10,0,2
BRDA:27,11,0,0
BRDA:27,12,0,2
BRDA:27,13,0,2
BRDA:27,14,0,1
BRDA:27,15,0,3
BRDA:27,16,0,1
BRDA:27,17,0,2
BRDA:27,18,0,2
BRDA:27,19,0,2
BRDA:27,20,0,0
BRDA:27,21,0,6
BRDA:27,22,0,4
BRDA:27,23,0,4
BRDA:27,24,0,0
BRDA:27,25,0,8
BRDA:27,26,0,0
BRDA:27,27,0,0
BRDA:27,28,0,0
BRDA:27,29,0,0
BRDA:27,30,0,4
BRDA:27,31,0,4
BRDA:27,32,0,0
BRDA:27,33,0,2
BRDA:27,34,0,0
BRDA:27,35,0,2
BRDA:27,36,0,0
BRDA:27,37,0,1
BRDA:27,38,0,0
BRDA:27,39,0,0
BRDA:27,40,0,0
BRDA:27,41,0,0
BRDA:27,42,0,0
BRDA:27,43,0,4
BRDA:27,44,0,3
BRDA:27,45,0,1
BRDA:27,46,0,4
BRDA:27,47,0,2
BRDA:27,48,0,1
BRDA:27,49,0,0
BRDA:27,50,0,1
BRDA:27,51,0,0
BRDA:12,52,0,1
BRDA:13,53,0,2
BRDA:18,54,0,2
BRDA:27,55,0,2
BRDA:27,56,0,4
BRDA:19,57,0,2
BRDA:27,58,0,0
BRDA:27,59,0,2
BRDA:20,60,0,1
BRDA:27,61,0,0
BRF:62
BRH:39
end_of_record
TN:
SF:src/modules/users/services/UpdateUserService.ts
FN:87,__decorate
FN:87,__metadata
FN:87,__param
FN:87,__awaiter
FN:87,adopt
FN:87,fulfilled
FN:87,rejected
FN:87,step
FN:87,__generator
FN:87,sent
FN:87,Symbol.function.g.(anonymous function)
FN:87,verb
FN:87,step
FN:87,__importDefault
FN:21,UpdateUserService
FN:32,UpdateUserService.execute
FNF:16
FNH:14
FNDA:1,__decorate
FNDA:1,__metadata
FNDA:3,__param
FNDA:7,__awaiter
FNDA:26,adopt
FNDA:26,fulfilled
FNDA:0,rejected
FNDA:29,step
FNDA:7,__generator
FNDA:26,sent
FNDA:0,Symbol.function.g.(anonymous function)
FNDA:21,verb
FNDA:33,step
FNDA:1,__importDefault
FNDA:7,UpdateUserService
FNDA:7,UpdateUserService.execute
DA:1,1
DA:2,1
DA:3,1
DA:4,1
DA:5,1
DA:6,1
DA:7,1
DA:8,1
DA:9,1
DA:10,1
DA:11,1
DA:12,1
DA:13,1
DA:14,1
DA:15,1
DA:16,1
DA:17,1
DA:18,1
DA:19,1
DA:20,1
DA:21,1
DA:22,7
DA:23,7
DA:24,7
DA:25,7
DA:26,7
DA:27,7
DA:28,7
DA:29,7
DA:30,7
DA:31,1
DA:32,1
DA:33,7
DA:34,7
DA:35,7
DA:36,7
DA:37,7
DA:38,7
DA:39,7
DA:40,7
DA:41,7
DA:42,7
DA:43,7
DA:44,1
DA:45,1
DA:46,6
DA:47,6
DA:48,6
DA:49,6
DA:50,7
DA:51,7
DA:52,7
DA:53,7
DA:54,1
DA:55,1
DA:56,5
DA:57,5
DA:58,5
DA:59,7
DA:60,7
DA:61,3
DA:62,7
DA:63,1
DA:64,1
DA:65,4
DA:66,4
DA:67,7
DA:68,7
DA:69,1
DA:70,1
DA:71,3
DA:72,3
DA:73,3
DA:74,7
DA:75,7
DA:76,7
DA:77,7
DA:78,2
DA:79,7
DA:80,2
DA:81,2
DA:82,7
DA:83,7
DA:84,7
DA:85,1
DA:86,1
DA:87,1
LF:87
LH:87
BRDA:87,0,0,1
BRDA:87,1,0,1
BRDA:87,2,0,0
BRDA:87,3,0,0
BRDA:87,4,0,0
BRDA:87,5,0,0
BRDA:87,6,0,1
BRDA:87,7,0,3
BRDA:87,8,0,3
BRDA:87,9,0,7
BRDA:87,10,0,26
BRDA:87,11,0,0
BRDA:87,12,0,7
BRDA:87,13,0,26
BRDA:87,14,0,22
BRDA:87,15,0,4
BRDA:87,16,0,29
BRDA:87,17,0,3
BRDA:87,18,0,26
BRDA:87,19,0,7
BRDA:87,20,0,26
BRDA:87,21,0,0
BRDA:87,22,0,21
BRDA:87,23,0,33
BRDA:87,24,0,33
BRDA:87,25,0,0
BRDA:87,26,0,66
BRDA:87,27,0,0
BRDA:87,28,0,0
BRDA:87,29,0,0
BRDA:87,30,0,0
BRDA:87,31,0,33
BRDA:87,32,0,33
BRDA:87,33,0,0
BRDA:87,34,0,26
BRDA:87,35,0,0
BRDA:87,36,0,7
BRDA:87,37,0,0
BRDA:87,38,0,3
BRDA:87,39,0,0
BRDA:87,40,0,0
BRDA:87,41,0,0
BRDA:87,42,0,0
BRDA:87,43,0,0
BRDA:87,44,0,33
BRDA:87,45,0,29
BRDA:87,46,0,4
BRDA:87,47,0,33
BRDA:87,48,0,7
BRDA:87,49,0,4
BRDA:87,50,0,3
BRDA:87,51,0,0
BRDA:87,52,0,1
BRDA:87,53,0,0
BRDA:20,54,0,1
BRDA:21,55,0,7
BRDA:32,56,0,7
BRDA:87,57,0,7
BRDA:87,58,0,33
BRDA:41,59,0,7
BRDA:87,60,0,0
BRDA:87,61,0,7
BRDA:43,62,0,1
BRDA:45,63,0,6
BRDA:87,64,0,0
BRDA:87,65,0,6
BRDA:87,66,0,0
BRDA:87,67,0,6
BRDA:53,68,0,1
BRDA:55,69,0,5
BRDA:59,70,0,4
BRDA:60,71,0,3
BRDA:62,72,0,1
BRDA:64,73,0,4
BRDA:87,74,0,0
BRDA:87,75,0,4
BRDA:68,76,0,1
BRDA:70,77,0,3
BRDA:87,78,0,0
BRDA:87,79,0,3
BRDA:77,80,0,2
BRDA:79,81,0,2
BRDA:87,82,0,0
BRF:83
BRH:56
end_of_record
